.\Debug\TrailMousePos.ilk
.\Debug\TrailMousePos.pdb
C:\haptic\haptics6.0\haptics1.5\.\Debug\TrailMousePos.exe
C:\haptic\haptics6.0\haptics1.5\.\Debug\TrailMousePos.exe.intermediate.manifest
C:\haptic\haptics6.0\haptics1.5\Debug\cl.command.1.tlog
C:\haptic\haptics6.0\haptics1.5\Debug\CL.read.1.tlog
C:\haptic\haptics6.0\haptics1.5\Debug\CL.write.1.tlog
C:\haptic\haptics6.0\haptics1.5\Debug\link.2660.read.1.tlog
C:\haptic\haptics6.0\haptics1.5\Debug\link.2660.write.1.tlog
C:\haptic\haptics6.0\haptics1.5\Debug\link.2660-cvtres.read.1.tlog
C:\haptic\haptics6.0\haptics1.5\Debug\link.2660-cvtres.write.1.tlog
C:\haptic\haptics6.0\haptics1.5\Debug\link.3024.read.1.tlog
C:\haptic\haptics6.0\haptics1.5\Debug\link.3024.write.1.tlog
C:\haptic\haptics6.0\haptics1.5\Debug\link.3024-cvtres.read.1.tlog
C:\haptic\haptics6.0\haptics1.5\Debug\link.3024-cvtres.write.1.tlog
C:\haptic\haptics6.0\haptics1.5\Debug\link.3772.read.1.tlog
C:\haptic\haptics6.0\haptics1.5\Debug\link.3772.write.1.tlog
C:\haptic\haptics6.0\haptics1.5\Debug\link.3772-cvtres.read.1.tlog
C:\haptic\haptics6.0\haptics1.5\Debug\link.3772-cvtres.write.1.tlog
C:\haptic\haptics6.0\haptics1.5\Debug\link.5004.read.1.tlog
C:\haptic\haptics6.0\haptics1.5\Debug\link.5004.write.1.tlog
C:\haptic\haptics6.0\haptics1.5\Debug\link.5004-cvtres.read.1.tlog
C:\haptic\haptics6.0\haptics1.5\Debug\link.5004-cvtres.write.1.tlog
C:\haptic\haptics6.0\haptics1.5\Debug\link.6108.read.1.tlog
C:\haptic\haptics6.0\haptics1.5\Debug\link.6108.write.1.tlog
C:\haptic\haptics6.0\haptics1.5\Debug\link.6108-cvtres.read.1.tlog
C:\haptic\haptics6.0\haptics1.5\Debug\link.6108-cvtres.write.1.tlog
C:\haptic\haptics6.0\haptics1.5\Debug\link.command.1.tlog
C:\haptic\haptics6.0\haptics1.5\Debug\link.read.1.tlog
C:\haptic\haptics6.0\haptics1.5\Debug\link.write.1.tlog
C:\haptic\haptics6.0\haptics1.5\Debug\link-cvtres.read.1.tlog
C:\haptic\haptics6.0\haptics1.5\Debug\link-cvtres.write.1.tlog
C:\HAPTIC\HAPTICS6.0\HAPTICS1.5\DEBUG\MSCOMM1.OBJ
C:\haptic\haptics6.0\haptics1.5\Debug\mt.command.1.tlog
C:\haptic\haptics6.0\haptics1.5\Debug\mt.read.1.tlog
C:\haptic\haptics6.0\haptics1.5\Debug\mt.write.1.tlog
C:\haptic\haptics6.0\haptics1.5\Debug\rc.command.1.tlog
C:\haptic\haptics6.0\haptics1.5\Debug\rc.read.1.tlog
C:\haptic\haptics6.0\haptics1.5\Debug\rc.write.1.tlog
C:\HAPTIC\HAPTICS6.0\HAPTICS1.5\DEBUG\STDAFX.OBJ
C:\HAPTIC\HAPTICS6.0\HAPTICS1.5\DEBUG\TRAILMOUSEPOS.EXE
C:\HAPTIC\HAPTICS6.0\HAPTICS1.5\DEBUG\TRAILMOUSEPOS.EXE.EMBED.MANIFEST
C:\HAPTIC\HAPTICS6.0\HAPTICS1.5\DEBUG\TRAILMOUSEPOS.EXE.EMBED.MANIFEST.RES
C:\HAPTIC\HAPTICS6.0\HAPTICS1.5\DEBUG\TRAILMOUSEPOS.EXE.INTERMEDIATE.MANIFEST
C:\HAPTIC\HAPTICS6.0\HAPTICS1.5\DEBUG\TRAILMOUSEPOS.ILK
C:\HAPTIC\HAPTICS6.0\HAPTICS1.5\DEBUG\TRAILMOUSEPOS.OBJ
C:\HAPTIC\HAPTICS6.0\HAPTICS1.5\DEBUG\TRAILMOUSEPOS.PCH
C:\HAPTIC\HAPTICS6.0\HAPTICS1.5\DEBUG\TRAILMOUSEPOS.PDB
C:\HAPTIC\HAPTICS6.0\HAPTICS1.5\DEBUG\TRAILMOUSEPOS.RES
C:\haptic\haptics6.0\haptics1.5\Debug\TrailMousePos.vcxprojResolveAssemblyReference.cache
C:\haptic\haptics6.0\haptics1.5\Debug\TrailMousePos.write.1.tlog
C:\haptic\haptics6.0\haptics1.5\Debug\TrailMousePos_manifest.rc
C:\HAPTIC\HAPTICS6.0\HAPTICS1.5\DEBUG\TRAILMOUSEPOSDLG.OBJ
C:\haptic\haptics6.0\haptics1.5\Debug\vc100.idb
C:\HAPTIC\HAPTICS6.0\HAPTICS1.5\DEBUG\VC100.PDB
